#
# A fatal error has been detected by the Java Runtime Environment:
#
#  EXCEPTION_ACCESS_VIOLATION (0xc0000005) at pc=0x1008e810, pid=5512, tid=2424
#
# JRE version: 6.0_29-b11
# Java VM: Java HotSpot(TM) Client VM (20.4-b02 mixed mode, sharing windows-x86 )
# Problematic frame:
# C  [indri_jni.dll+0x8e810]
#
# If you would like to submit a bug report, please visit:
#   http://java.sun.com/webapps/bugreport/crash.jsp
# The crash happened outside the Java Virtual Machine in native code.
# See problematic frame for where to report the bug.
#

---------------  T H R E A D  ---------------

Current thread (0x00956800):  JavaThread "main" [_thread_in_native, id=2424, stack(0x009f0000,0x00a40000)]

siginfo: ExceptionCode=0xc0000005, reading address 0x0463a000

Registers:
EAX=0x0463a000, EBX=0x03d32a78, ECX=0x00000502, EDX=0x04639ff9
ESP=0x00a3f8fc, EBP=0x00a3fa1c, ESI=0x04639ff8, EDI=0x03ce3888
EIP=0x1008e810, EFLAGS=0x00010202

Top of Stack: (sp=0x00a3f8fc)
0x00a3f8fc:   4b5c92b0 02fe5370 02fe5368 032899b8
0x00a3f90c:   02fe01a0 0000005e 05017e08 050bc0d0
0x00a3f91c:   00000003 03d32a78 0000050f 00000000
0x00a3f92c:   00000004 000004a8 03ce38e0 046c9368
0x00a3f93c:   02fe0000 00000003 04600000 00000e88
0x00a3f94c:   00a3f994 7c9125c3 04664a48 02fe0000
0x00a3f95c:   046c9360 02fe0168 00000000 00000000
0x00a3f96c:   046c9360 00010000 00000003 00a3f8d4 

Instructions: (pc=0x1008e810)
0x1008e7f0:   00 8b 43 50 8b 34 88 85 f6 0f 84 f7 01 00 00 80
0x1008e800:   3e 00 0f 84 ee 01 00 00 8b c6 8d 50 01 8d 49 00
0x1008e810:   8a 08 40 84 c9 75 f9 2b c2 3d ff 01 00 00 7c 2d
0x1008e820:   8b 87 d8 00 00 00 39 87 d4 00 00 00 8d b7 90 00 


Register to memory mapping:

EAX=0x0463a000 is an unknown value
EBX=0x03d32a78 is an unknown value
ECX=0x00000502 is an unknown value
EDX=0x04639ff9 is an unknown value
ESP=0x00a3f8fc is pointing into the stack for thread: 0x00956800
EBP=0x00a3fa1c is pointing into the stack for thread: 0x00956800
ESI=0x04639ff8 is an unknown value
EDI=0x03ce3888 is an unknown value


Stack: [0x009f0000,0x00a40000],  sp=0x00a3f8fc,  free space=318k
Native frames: (J=compiled Java code, j=interpreted, Vv=VM code, C=native code)
C  [indri_jni.dll+0x8e810]  Java_lemurproject_indri_indriJNI_QueryEnvironment_1runQuery_1_1SWIG_12+0x7e820

Java frames: (J=compiled Java code, j=interpreted, Vv=VM code)
j  lemurproject.indri.indriJNI.IndexEnvironment_addFile__SWIG_1(JLlemurproject/indri/IndexEnvironment;Ljava/lang/String;Ljava/lang/String;)V+0
j  lemurproject.indri.IndexEnvironment.addFile(Ljava/lang/String;Ljava/lang/String;)V+7
j  index.IndriIndexCorpora.index(Ljava/lang/String;Ljava/lang/String;)V+348
j  test.testIndex.main([Ljava/lang/String;)V+13
v  ~StubRoutines::call_stub

---------------  P R O C E S S  ---------------

Java Threads: ( => current thread )
  0x02cb7800 JavaThread "Low Memory Detector" daemon [_thread_blocked, id=5212, stack(0x02f30000,0x02f80000)]
  0x02cb4000 JavaThread "C1 CompilerThread0" daemon [_thread_blocked, id=3060, stack(0x02ee0000,0x02f30000)]
  0x02cb2800 JavaThread "Attach Listener" daemon [_thread_blocked, id=5860, stack(0x02e90000,0x02ee0000)]
  0x02cb1400 JavaThread "Signal Dispatcher" daemon [_thread_blocked, id=820, stack(0x02e40000,0x02e90000)]
  0x02ca7c00 JavaThread "Finalizer" daemon [_thread_blocked, id=5540, stack(0x02df0000,0x02e40000)]
  0x02ca6800 JavaThread "Reference Handler" daemon [_thread_blocked, id=4852, stack(0x02da0000,0x02df0000)]
=>0x00956800 JavaThread "main" [_thread_in_native, id=2424, stack(0x009f0000,0x00a40000)]

Other Threads:
  0x02c6a400 VMThread [stack: 0x02d50000,0x02da0000] [id=2900]
  0x02cb9800 WatcherThread [stack: 0x02f80000,0x02fd0000] [id=3216]

VM state:not at safepoint (normal execution)

VM Mutex/Monitor currently owned by a thread: None

Heap
 def new generation   total 4928K, used 496K [0x22ae0000, 0x23030000, 0x28030000)
  eden space 4416K,  11% used [0x22ae0000, 0x22b5c3c0, 0x22f30000)
  from space 512K,   0% used [0x22f30000, 0x22f30000, 0x22fb0000)
  to   space 512K,   0% used [0x22fb0000, 0x22fb0000, 0x23030000)
 tenured generation   total 10944K, used 0K [0x28030000, 0x28ae0000, 0x32ae0000)
   the space 10944K,   0% used [0x28030000, 0x28030000, 0x28030200, 0x28ae0000)
 compacting perm gen  total 12288K, used 172K [0x32ae0000, 0x336e0000, 0x36ae0000)
   the space 12288K,   1% used [0x32ae0000, 0x32b0b018, 0x32b0b200, 0x336e0000)
    ro space 10240K,  51% used [0x36ae0000, 0x3700d0b8, 0x3700d200, 0x374e0000)
    rw space 12288K,  54% used [0x374e0000, 0x37b79570, 0x37b79600, 0x380e0000)

Code Cache  [0x00a70000, 0x00ae8000, 0x02a70000)
 total_blobs=142 nmethods=10 adapters=69 free_code_cache=33094080 largest_free_block=0

Dynamic libraries:
0x00400000 - 0x00424000 	C:\Program Files\Java\jre6\bin\javaw.exe
0x7c900000 - 0x7c9b2000 	C:\WINDOWS\system32\ntdll.dll
0x7c800000 - 0x7c8f6000 	C:\WINDOWS\system32\kernel32.dll
0x61740000 - 0x617aa000 	C:\WINDOWS\SYSTEM32\SYSFER.DLL
0x5b860000 - 0x5b8b5000 	C:\WINDOWS\system32\NETAPI32.dll
0x77dd0000 - 0x77e6b000 	C:\WINDOWS\system32\ADVAPI32.dll
0x77e70000 - 0x77f03000 	C:\WINDOWS\system32\RPCRT4.dll
0x77fe0000 - 0x77ff1000 	C:\WINDOWS\system32\Secur32.dll
0x77c10000 - 0x77c68000 	C:\WINDOWS\system32\msvcrt.dll
0x7e410000 - 0x7e4a1000 	C:\WINDOWS\system32\USER32.dll
0x77f10000 - 0x77f59000 	C:\WINDOWS\system32\GDI32.dll
0x76390000 - 0x763ad000 	C:\WINDOWS\system32\IMM32.DLL
0x629c0000 - 0x629c9000 	C:\WINDOWS\system32\LPK.DLL
0x74d90000 - 0x74dfb000 	C:\WINDOWS\system32\USP10.dll
0x7c340000 - 0x7c396000 	C:\Program Files\Java\jre6\bin\msvcr71.dll
0x6d7f0000 - 0x6da9f000 	C:\Program Files\Java\jre6\bin\client\jvm.dll
0x76b40000 - 0x76b6d000 	C:\WINDOWS\system32\WINMM.dll
0x6d7a0000 - 0x6d7ac000 	C:\Program Files\Java\jre6\bin\verify.dll
0x6d320000 - 0x6d33f000 	C:\Program Files\Java\jre6\bin\java.dll
0x6d7e0000 - 0x6d7ef000 	C:\Program Files\Java\jre6\bin\zip.dll
0x10000000 - 0x102a8000 	C:\Program Files\Indri\Indri 5.5\bin\indri_jni.dll
0x78480000 - 0x7850e000 	C:\WINDOWS\WinSxS\x86_Microsoft.VC90.CRT_1fc8b3b9a1e18e3b_9.0.30729.6161_x-ww_31a54e43\MSVCP90.dll
0x78520000 - 0x785c3000 	C:\WINDOWS\WinSxS\x86_Microsoft.VC90.CRT_1fc8b3b9a1e18e3b_9.0.30729.6161_x-ww_31a54e43\MSVCR90.dll
0x71ad0000 - 0x71ad9000 	C:\WINDOWS\system32\WSOCK32.dll
0x71ab0000 - 0x71ac7000 	C:\WINDOWS\system32\WS2_32.dll
0x71aa0000 - 0x71aa8000 	C:\WINDOWS\system32\WS2HELP.dll
0x774e0000 - 0x7761e000 	C:\WINDOWS\system32\ole32.dll
0x77120000 - 0x771ab000 	C:\WINDOWS\system32\OLEAUT32.dll
0x76bf0000 - 0x76bfb000 	C:\WINDOWS\system32\PSAPI.DLL

VM Arguments:
jvm_args: -Dfile.encoding=Cp1255 
java_command: test.testIndex
Launcher Type: SUN_STANDARD

Environment Variables:
PATH=C:/Program Files/Java/jre6/bin/client;C:/Program Files/Java/jre6/bin;C:/Program Files/Java/jre6/lib/i386;C:\Perl\site\bin;C:\Perl\bin;C:\Python27\;C:\WINDOWS\system32;C:\WINDOWS;C:\WINDOWS\System32\Wbem;C:\Program Files\Subversion\bin;C:\Program Files\TortoiseSVN\bin;C:\installs\cygwin\bin;C:\Program Files\MiKTeX 2.9\miktex\bin\;C:\Program Files\SSH Communications Security\SSH Secure Shell;C:\Python27\Scripts;C:\Program Files\Indri\Indri 5.5\bin;C:\Documents and Settings\HZ\Desktop\eclipse;
USERNAME=HZ
OS=Windows_NT
PROCESSOR_IDENTIFIER=x86 Family 6 Model 15 Stepping 13, GenuineIntel



---------------  S Y S T E M  ---------------

OS: Windows XP Build 2600 Service Pack 3

CPU:total 2 (2 cores per cpu, 1 threads per core) family 6 model 15 stepping 13, cmov, cx8, fxsr, mmx, sse, sse2, sse3, ssse3

Memory: 4k page, physical 3010484k(1851332k free), swap 4941588k(3784272k free)

vm_info: Java HotSpot(TM) Client VM (20.4-b02) for windows-x86 JRE (1.6.0_29-b11), built on Oct  3 2011 01:01:08 by "java_re" with MS VC++ 7.1 (VS2003)

time: Sat Feb 01 22:26:02 2014
elapsed time: 0 seconds

